{
  "RSpec": {
    "coverage": {
      "/Users/elmo/battle_26may/Battle/spec/features/attacking_player2_spec.rb": [
        1,
        1,
        1,
        1,
        1,
        null,
        null
      ],
      "/Users/elmo/battle_26may/Battle/spec/features/enter_name_spec.rb": [
        1,
        1,
        1,
        1,
        null,
        null
      ],
      "/Users/elmo/battle_26may/Battle/spec/features/player2_hit_points_spec.rb": [
        1,
        1,
        1,
        1,
        null,
        null
      ],
      "/Users/elmo/battle_26may/Battle/spec/features/switch_turn_spec.rb": [
        1,
        1,
        1,
        1,
        1,
        null,
        null,
        null
      ],
      "/Users/elmo/battle_26may/Battle/spec/features/testing_infrastructure_spec.rb": [
        1,
        1,
        1,
        1,
        null,
        null
      ],
      "/Users/elmo/battle_26may/Battle/spec/game_spec.rb": [
        1,
        null,
        1,
        5,
        5,
        5,
        null,
        1,
        1,
        1,
        null,
        null,
        1,
        1,
        null,
        null,
        null,
        null,
        1,
        1,
        1,
        1,
        null,
        null,
        null,
        1,
        1,
        1,
        null,
        null,
        null,
        null
      ],
      "/Users/elmo/battle_26may/Battle/spec/player_spec.rb": [
        1,
        null,
        1,
        3,
        1,
        null,
        1,
        1,
        null,
        null,
        1,
        1,
        4,
        null,
        null,
        null
      ]
    },
    "timestamp": 1495796355
  }
}
