{
  "RSpec": {
    "coverage": {
      "/Applications/Projects/MakersWeek3/Battle/spec/features/attacking_player2_spec.rb": [
        1,
        1,
        1,
        1,
        1,
        null,
        null
      ],
      "/Applications/Projects/MakersWeek3/Battle/spec/features/enter_name_spec.rb": [
        1,
        1,
        1,
        1,
        null,
        null
      ],
      "/Applications/Projects/MakersWeek3/Battle/spec/features/player2_hit_points_spec.rb": [
        1,
        1,
        1,
        1,
        null,
        null
      ],
      "/Applications/Projects/MakersWeek3/Battle/spec/features/testing_infrastructure_spec.rb": [
        1,
        1,
        1,
        1,
        null,
        null
      ],
      "/Applications/Projects/MakersWeek3/Battle/spec/player_spec.rb": [
        1,
        null,
        1,
        2,
        null,
        1,
        1,
        null,
        null
      ]
    },
    "timestamp": 1495721656
  }
}
